<?xml version="1.0" encoding="UTF-8"?>
<testsuite xmlns:xsi="http://www.w3.org/2001/XMLSchema-instance" xsi:noNamespaceSchemaLocation="https://maven.apache.org/surefire/maven-surefire-plugin/xsd/surefire-test-report-3.0.xsd" version="3.0" name="test.java.TestExpressions" time="0.035" tests="18" errors="0" skipped="0" failures="0">
  <properties>
    <property name="java.specification.version" value="22"/>
    <property name="sun.jnu.encoding" value="UTF-8"/>
    <property name="java.class.path" value="/Users/lamarpetty/Desktop/all_projects/Arithmetic-Expression-Evaluator/target/test-classes:/Users/lamarpetty/Desktop/all_projects/Arithmetic-Expression-Evaluator/target/classes:/Users/lamarpetty/.m2/repository/org/junit/jupiter/junit-jupiter-api/5.11.0-M2/junit-jupiter-api-5.11.0-M2.jar:/Users/lamarpetty/.m2/repository/org/opentest4j/opentest4j/1.3.0/opentest4j-1.3.0.jar:/Users/lamarpetty/.m2/repository/org/junit/platform/junit-platform-commons/1.11.0-M2/junit-platform-commons-1.11.0-M2.jar:/Users/lamarpetty/.m2/repository/org/apiguardian/apiguardian-api/1.1.2/apiguardian-api-1.1.2.jar:"/>
    <property name="java.vm.vendor" value="Homebrew"/>
    <property name="sun.arch.data.model" value="64"/>
    <property name="java.vendor.url" value="https://github.com/Homebrew/homebrew-core/issues"/>
    <property name="os.name" value="Mac OS X"/>
    <property name="java.vm.specification.version" value="22"/>
    <property name="sun.java.launcher" value="SUN_STANDARD"/>
    <property name="user.country" value="US"/>
    <property name="sun.boot.library.path" value="/opt/homebrew/Cellar/openjdk/22.0.1/libexec/openjdk.jdk/Contents/Home/lib"/>
    <property name="sun.java.command" value="/Users/lamarpetty/Desktop/all_projects/Arithmetic-Expression-Evaluator/target/surefire/surefirebooter-20240712111654962_3.jar /Users/lamarpetty/Desktop/all_projects/Arithmetic-Expression-Evaluator/target/surefire 2024-07-12T11-16-54_922-jvmRun1 surefire-20240712111654962_1tmp surefire_0-20240712111654962_2tmp"/>
    <property name="http.nonProxyHosts" value="local|*.local|169.254/16|*.169.254/16"/>
    <property name="jdk.debug" value="release"/>
    <property name="surefire.test.class.path" value="/Users/lamarpetty/Desktop/all_projects/Arithmetic-Expression-Evaluator/target/test-classes:/Users/lamarpetty/Desktop/all_projects/Arithmetic-Expression-Evaluator/target/classes:/Users/lamarpetty/.m2/repository/org/junit/jupiter/junit-jupiter-api/5.11.0-M2/junit-jupiter-api-5.11.0-M2.jar:/Users/lamarpetty/.m2/repository/org/opentest4j/opentest4j/1.3.0/opentest4j-1.3.0.jar:/Users/lamarpetty/.m2/repository/org/junit/platform/junit-platform-commons/1.11.0-M2/junit-platform-commons-1.11.0-M2.jar:/Users/lamarpetty/.m2/repository/org/apiguardian/apiguardian-api/1.1.2/apiguardian-api-1.1.2.jar:"/>
    <property name="sun.cpu.endian" value="little"/>
    <property name="user.home" value="/Users/lamarpetty"/>
    <property name="user.language" value="en"/>
    <property name="java.specification.vendor" value="Oracle Corporation"/>
    <property name="java.version.date" value="2024-04-16"/>
    <property name="java.home" value="/opt/homebrew/Cellar/openjdk/22.0.1/libexec/openjdk.jdk/Contents/Home"/>
    <property name="file.separator" value="/"/>
    <property name="basedir" value="/Users/lamarpetty/Desktop/all_projects/Arithmetic-Expression-Evaluator"/>
    <property name="java.vm.compressedOopsMode" value="Zero based"/>
    <property name="line.separator" value="&#10;"/>
    <property name="java.vm.specification.vendor" value="Oracle Corporation"/>
    <property name="java.specification.name" value="Java Platform API Specification"/>
    <property name="apple.awt.application.name" value="ForkedBooter"/>
    <property name="surefire.real.class.path" value="/Users/lamarpetty/Desktop/all_projects/Arithmetic-Expression-Evaluator/target/surefire/surefirebooter-20240712111654962_3.jar"/>
    <property name="sun.management.compiler" value="HotSpot 64-Bit Tiered Compilers"/>
    <property name="ftp.nonProxyHosts" value="local|*.local|169.254/16|*.169.254/16"/>
    <property name="java.runtime.version" value="22.0.1"/>
    <property name="user.name" value="lamarpetty"/>
    <property name="stdout.encoding" value="UTF-8"/>
    <property name="path.separator" value=":"/>
    <property name="os.version" value="14.5"/>
    <property name="java.runtime.name" value="OpenJDK Runtime Environment"/>
    <property name="file.encoding" value="UTF-8"/>
    <property name="java.vm.name" value="OpenJDK 64-Bit Server VM"/>
    <property name="java.vendor.version" value="Homebrew"/>
    <property name="localRepository" value="/Users/lamarpetty/.m2/repository"/>
    <property name="java.vendor.url.bug" value="https://github.com/Homebrew/homebrew-core/issues"/>
    <property name="java.io.tmpdir" value="/var/folders/_3/n_kmbq6d3x90_91jxgwc82bw0000gn/T/"/>
    <property name="java.version" value="22.0.1"/>
    <property name="user.dir" value="/Users/lamarpetty/Desktop/all_projects/Arithmetic-Expression-Evaluator"/>
    <property name="os.arch" value="aarch64"/>
    <property name="java.vm.specification.name" value="Java Virtual Machine Specification"/>
    <property name="native.encoding" value="UTF-8"/>
    <property name="java.library.path" value="/Users/lamarpetty/Library/Java/Extensions:/Library/Java/Extensions:/Network/Library/Java/Extensions:/System/Library/Java/Extensions:/usr/lib/java:."/>
    <property name="java.vm.info" value="mixed mode, sharing"/>
    <property name="stderr.encoding" value="UTF-8"/>
    <property name="java.vendor" value="Homebrew"/>
    <property name="java.vm.version" value="22.0.1"/>
    <property name="sun.io.unicode.encoding" value="UnicodeBig"/>
    <property name="socksNonProxyHosts" value="local|*.local|169.254/16|*.169.254/16"/>
    <property name="java.class.version" value="66.0"/>
  </properties>
  <testcase name="test11" classname="test.java.TestExpressions" time="0.011"/>
  <testcase name="test12" classname="test.java.TestExpressions" time="0.0"/>
  <testcase name="test13" classname="test.java.TestExpressions" time="0.0"/>
  <testcase name="test14" classname="test.java.TestExpressions" time="0.0"/>
  <testcase name="test15" classname="test.java.TestExpressions" time="0.001"/>
  <testcase name="test16" classname="test.java.TestExpressions" time="0.001"/>
  <testcase name="test17" classname="test.java.TestExpressions" time="0.0"/>
  <testcase name="test18" classname="test.java.TestExpressions" time="0.001"/>
  <testcase name="test7_subractwithbrackets" classname="test.java.TestExpressions" time="0.001"/>
  <testcase name="test2_simpleSubtraction" classname="test.java.TestExpressions" time="0.0"/>
  <testcase name="test10_subractwithbrackets_spaces" classname="test.java.TestExpressions" time="0.0"/>
  <testcase name="test5_addwithbrackets" classname="test.java.TestExpressions" time="0.0"/>
  <testcase name="test8_subractwithbrackets_spaces" classname="test.java.TestExpressions" time="0.001"/>
  <testcase name="test6_addwithbrackets_spaces" classname="test.java.TestExpressions" time="0.0"/>
  <testcase name="test3_simpleMultiplication" classname="test.java.TestExpressions" time="0.001"/>
  <testcase name="test1_simpleAddition" classname="test.java.TestExpressions" time="0.0"/>
  <testcase name="test4_simpleDivision" classname="test.java.TestExpressions" time="0.0"/>
  <testcase name="test9_multiplcationwithbrackets" classname="test.java.TestExpressions" time="0.0"/>
</testsuite>